<?xml version="1.0" encoding="UTF-8"?>
<!-- Generated by org.testng.reporters.JUnitReportReporter -->
<testsuite hostname="SHI58495EU1142F" name="assignment_project.assignment.Redeem_Coupon" tests="2" failures="0" timestamp="14 May 2018 09:20:42 GMT" time="24.582" errors="0">
  <testcase name="navigate_till_payment" time="18.589" classname="assignment_project.assignment.Redeem_Coupon"/>
  <testcase name="redeem" time="5.993" classname="assignment_project.assignment.Redeem_Coupon"/>
</testsuite> <!-- assignment_project.assignment.Redeem_Coupon -->
