<?xml version="1.0" encoding="UTF-8"?>
<!-- Generated by org.testng.reporters.JUnitReportReporter -->
<testsuite hostname="SHI58495EU1142F" name="assignment_project.assignment.Redeem_Coupon" tests="2" failures="0" timestamp="13 May 2018 20:03:19 GMT" time="10.881" errors="0">
  <testcase name="navigate_till_payment" time="8.933" classname="assignment_project.assignment.Redeem_Coupon"/>
  <testcase name="redeem" time="1.948" classname="assignment_project.assignment.Redeem_Coupon"/>
</testsuite> <!-- assignment_project.assignment.Redeem_Coupon -->
