<?xml version="1.0" encoding="UTF-8"?>
<!-- Generated by org.testng.reporters.JUnitReportReporter -->
<testsuite hostname="SHI58495EU1142F" name="assignment_project.assignment.Redeem_Coupon" tests="2" failures="0" timestamp="13 May 2018 13:10:09 GMT" time="10.804" errors="0">
  <testcase name="navigate_till_payment" time="9.040" classname="assignment_project.assignment.Redeem_Coupon"/>
  <testcase name="redeem" time="1.764" classname="assignment_project.assignment.Redeem_Coupon"/>
</testsuite> <!-- assignment_project.assignment.Redeem_Coupon -->
